<?xml version="1.0" encoding="UTF-8"?>
<testsuites name="jest tests" tests="9" failures="0" errors="0" time="5.668">
  <testsuite name="Icon" errors="0" failures="0" skipped="0" timestamp="2020-11-23T11:45:46" time="3.519" tests="2">
    <testcase classname="Icon 是个 svg" name="Icon 是个 svg" time="0.013">
    </testcase>
    <testcase classname="Icon onclick" name="Icon onclick" time="0.042">
    </testcase>
  </testsuite>
  <testsuite name="classes" errors="0" failures="0" skipped="0" timestamp="2020-11-23T11:45:49" time="0.283" tests="5">
    <testcase classname="classes 接受一个className" name="classes 接受一个className" time="0.002">
    </testcase>
    <testcase classname="classes 接受两个className" name="classes 接受两个className" time="0">
    </testcase>
    <testcase classname="classes 接受 undefined" name="classes 接受 undefined" time="0">
    </testcase>
    <testcase classname="classes 接受奇怪的值" name="classes 接受奇怪的值" time="0">
    </testcase>
    <testcase classname="classes 接受不传任何className" name="classes 接受不传任何className" time="0.001">
    </testcase>
  </testsuite>
  <testsuite name="button" errors="0" failures="0" skipped="0" timestamp="2020-11-23T11:45:50" time="0.248" tests="1">
    <testcase classname="button 是个 div" name="button 是个 div" time="0.003">
    </testcase>
  </testsuite>
  <testsuite name="第一个测试用例" errors="0" failures="0" skipped="0" timestamp="2020-11-23T11:45:50" time="0.291" tests="1">
    <testcase classname="第一个测试用例 1+2等于3" name="第一个测试用例 1+2等于3" time="0.001">
    </testcase>
  </testsuite>
</testsuites>